  Camera.cpp
  Entity.cpp
D:\Ivan\universidad\2SEGuNDO\IG1\IG1P1repo\IG1_Practica1\IG1App\Entity.cpp(371,20): warning C4018: '<': no coinciden signed/unsigned
  IG1App.cpp
  main.cpp
  Mesh.cpp
D:\Ivan\universidad\2SEGuNDO\IG1\IG1P1repo\IG1_Practica1\IG1App\Mesh.cpp(118,23): warning C4018: '<': no coinciden signed/unsigned
D:\Ivan\universidad\2SEGuNDO\IG1\IG1P1repo\IG1_Practica1\IG1App\Mesh.cpp(195,23): warning C4018: '<': no coinciden signed/unsigned
D:\Ivan\universidad\2SEGuNDO\IG1\IG1P1repo\IG1_Practica1\IG1App\Mesh.cpp(312,23): warning C4018: '<': no coinciden signed/unsigned
D:\Ivan\universidad\2SEGuNDO\IG1\IG1P1repo\IG1_Practica1\IG1App\Mesh.cpp(314,37): warning C4244: '=': conversión de 'double' a 'float'; posible pérdida de datos
D:\Ivan\universidad\2SEGuNDO\IG1\IG1P1repo\IG1_Practica1\IG1App\Mesh.cpp(315,37): warning C4244: '=': conversión de 'double' a 'float'; posible pérdida de datos
D:\Ivan\universidad\2SEGuNDO\IG1\IG1P1repo\IG1_Practica1\IG1App\Mesh.cpp(322,37): warning C4244: '=': conversión de 'double' a 'float'; posible pérdida de datos
D:\Ivan\universidad\2SEGuNDO\IG1\IG1P1repo\IG1_Practica1\IG1App\Mesh.cpp(323,37): warning C4244: '=': conversión de 'double' a 'float'; posible pérdida de datos
  Pixmap32RGBA.cpp
  Scene.cpp
D:\Ivan\universidad\2SEGuNDO\IG1\IG1P1repo\IG1_Practica1\IG1App\Scene.cpp(16,61): warning C4305: 'argumento': truncamiento de 'double' a 'GLclampf'
D:\Ivan\universidad\2SEGuNDO\IG1\IG1P1repo\IG1_Practica1\IG1App\Scene.cpp(37,61): warning C4305: 'argumento': truncamiento de 'double' a 'GLclampf'
  Texture.cpp
  Viewport.cpp
  Generando código...
  IG1App.vcxproj -> D:\Ivan\universidad\2SEGuNDO\IG1\IG1P1repo\IG1_Practica1\bin\IG1AppDebug.exe
