d:\ivan\universidad\2segundo\ig1\p1\practica1_ivanpradoechegaray\ig1app\x64\debug\vc142.pdb
d:\ivan\universidad\2segundo\ig1\p1\practica1_ivanpradoechegaray\ig1app\x64\debug\vc142.idb
d:\ivan\universidad\2segundo\ig1\p1\practica1_ivanpradoechegaray\ig1app\x64\debug\viewport.obj
d:\ivan\universidad\2segundo\ig1\p1\practica1_ivanpradoechegaray\ig1app\x64\debug\texture.obj
d:\ivan\universidad\2segundo\ig1\p1\practica1_ivanpradoechegaray\ig1app\x64\debug\scene.obj
d:\ivan\universidad\2segundo\ig1\p1\practica1_ivanpradoechegaray\ig1app\x64\debug\pixmap32rgba.obj
d:\ivan\universidad\2segundo\ig1\p1\practica1_ivanpradoechegaray\ig1app\x64\debug\mesh.obj
d:\ivan\universidad\2segundo\ig1\p1\practica1_ivanpradoechegaray\ig1app\x64\debug\main.obj
d:\ivan\universidad\2segundo\ig1\p1\practica1_ivanpradoechegaray\ig1app\x64\debug\ig1app.obj
d:\ivan\universidad\2segundo\ig1\p1\practica1_ivanpradoechegaray\ig1app\x64\debug\entity.obj
d:\ivan\universidad\2segundo\ig1\p1\practica1_ivanpradoechegaray\ig1app\x64\debug\camera.obj
d:\ivan\universidad\2segundo\ig1\p1\practica1_ivanpradoechegaray\bin\ig1appdebug.exe
d:\ivan\universidad\2segundo\ig1\p1\practica1_ivanpradoechegaray\bin\ig1appdebug.ilk
d:\ivan\universidad\2segundo\ig1\p1\practica1_ivanpradoechegaray\bin\ig1appdebug.pdb
d:\ivan\universidad\2segundo\ig1\p1\practica1_ivanpradoechegaray\ig1app\x64\debug\ig1app.tlog\cl.command.1.tlog
d:\ivan\universidad\2segundo\ig1\p1\practica1_ivanpradoechegaray\ig1app\x64\debug\ig1app.tlog\cl.read.1.tlog
d:\ivan\universidad\2segundo\ig1\p1\practica1_ivanpradoechegaray\ig1app\x64\debug\ig1app.tlog\cl.write.1.tlog
d:\ivan\universidad\2segundo\ig1\p1\practica1_ivanpradoechegaray\ig1app\x64\debug\ig1app.tlog\link.command.1.tlog
d:\ivan\universidad\2segundo\ig1\p1\practica1_ivanpradoechegaray\ig1app\x64\debug\ig1app.tlog\link.read.1.tlog
d:\ivan\universidad\2segundo\ig1\p1\practica1_ivanpradoechegaray\ig1app\x64\debug\ig1app.tlog\link.write.1.tlog
